<?xml version="1.0" encoding="UTF-8"?>
<!-- Generated by org.testng.reporters.JUnitReportReporter -->
<testsuite hostname="ARSHIA" name="org.newegg.diyproject" tests="1" failures="0" timestamp="2 Oct 2023 13:20:46 GMT" time="15.193" errors="0">
  <testcase name="tc" time="15.193" classname="org.newegg.diyproject"/>
</testsuite> <!-- org.newegg.diyproject -->
