<?xml version="1.0" encoding="UTF-8"?>
<!-- Generated by org.testng.reporters.JUnitReportReporter -->
<testsuite hostname="ARSHIA" name="org.eip.invocpriority" tests="8" failures="0" timestamp="16 Aug 2023 18:48:15 GMT" time="0.016" errors="0">
  <testcase name="tc1" time="0.000" classname="org.eip.invocpriority"/>
  <testcase name="tc5" time="0.000" classname="org.eip.invocpriority"/>
  <testcase name="tc2" time="0.000" classname="org.eip.invocpriority"/>
  <testcase name="tc6" time="0.000" classname="org.eip.invocpriority"/>
  <testcase name="tc2" time="0.000" classname="org.eip.invocpriority"/>
  <testcase name="tc6" time="0.016" classname="org.eip.invocpriority"/>
  <testcase name="tc6" time="0.000" classname="org.eip.invocpriority"/>
  <testcase name="tc3" time="0.000" classname="org.eip.invocpriority"/>
</testsuite> <!-- org.eip.invocpriority -->
