<?xml version="1.0" encoding="UTF-8"?>
<!-- Generated by org.testng.reporters.JUnitReportReporter -->
<testsuite hostname="ARSHIA" name="org.testng.SampleB" tests="2" failures="0" timestamp="13 Aug 2023 12:27:45 GMT" time="0.458" errors="0">
  <testcase name="tc2" time="0.406" classname="org.testng.SampleB"/>
  <testcase name="tc1" time="0.052" classname="org.testng.SampleB"/>
</testsuite> <!-- org.testng.SampleB -->
