<?xml version="1.0" encoding="UTF-8"?>
<!-- Generated by org.testng.reporters.JUnitReportReporter -->
<testsuite hostname="ARSHIA" name="com.parallel.A" tests="3" failures="0" timestamp="24 Aug 2023 17:55:09 GMT" time="0.031" errors="0">
  <testcase name="tc1" time="0.015" classname="com.parallel.A"/>
  <testcase name="tc2" time="0.000" classname="com.parallel.A"/>
  <testcase name="tc3" time="0.016" classname="com.parallel.A"/>
</testsuite> <!-- com.parallel.A -->
