<?xml version="1.0" encoding="UTF-8"?>
<!-- Generated by org.testng.reporters.JUnitReportReporter -->
<testsuite hostname="ARSHIA" name="org.suite.A" tests="3" failures="0" timestamp="15 Aug 2023 10:57:28 GMT" time="0.032" errors="0">
  <testcase name="tc2" time="0.000" classname="org.suite.A"/>
  <testcase name="tc3" time="0.000" classname="org.suite.A"/>
  <testcase name="tc1" time="0.032" classname="org.suite.A"/>
</testsuite> <!-- org.suite.A -->
