<?xml version="1.0" encoding="UTF-8"?>
<!-- Generated by org.testng.reporters.JUnitReportReporter -->
<testsuite hostname="ARSHIA" name="org.testng.SampleA" tests="3" failures="0" timestamp="30 Sep 2023 10:06:14 GMT" time="0.030" errors="0">
  <testcase name="tc1" time="0.025" classname="org.testng.SampleA"/>
  <testcase name="tc2" time="0.003" classname="org.testng.SampleA"/>
  <testcase name="tc3" time="0.002" classname="org.testng.SampleA"/>
</testsuite> <!-- org.testng.SampleA -->
