<?xml version="1.0" encoding="UTF-8"?>
<!-- Generated by org.testng.reporters.JUnitReportReporter -->
<testsuite hostname="ARSHIA" name="org.newegg.newegg" tests="1" failures="0" timestamp="2 Oct 2023 12:42:26 GMT" time="13.277" errors="0">
  <testcase name="tc" time="13.277" classname="org.newegg.newegg"/>
</testsuite> <!-- org.newegg.newegg -->
