<?xml version="1.0" encoding="UTF-8"?>
<!-- Generated by org.testng.reporters.JUnitReportReporter -->
<testsuite hostname="ARSHIA" name="com.parallel.C" tests="2" failures="0" timestamp="24 Aug 2023 17:55:09 GMT" time="0.000" errors="0">
  <testcase name="tc7" time="0.000" classname="com.parallel.C"/>
  <testcase name="tc8" time="0.000" classname="com.parallel.C"/>
</testsuite> <!-- com.parallel.C -->
