<?xml version="1.0" encoding="UTF-8"?>
<!-- Generated by org.testng.reporters.JUnitReportReporter -->
<testsuite hostname="ARSHIA" name="com.parallel.B" tests="3" failures="0" timestamp="24 Aug 2023 17:55:09 GMT" time="0.015" errors="0">
  <testcase name="tc4" time="0.015" classname="com.parallel.B"/>
  <testcase name="tc5" time="0.000" classname="com.parallel.B"/>
  <testcase name="tc6" time="0.000" classname="com.parallel.B"/>
</testsuite> <!-- com.parallel.B -->
