<?xml version="1.0" encoding="UTF-8"?>
<!-- Generated by org.testng.reporters.JUnitReportReporter -->
<testsuite hostname="ARSHIA" name="org.testng.SampleC" tests="1" failures="0" timestamp="13 Aug 2023 20:01:45 GMT" time="0.048" errors="0">
  <testcase name="tc1" time="0.048" classname="org.testng.SampleC"/>
</testsuite> <!-- org.testng.SampleC -->
