<?xml version="1.0" encoding="UTF-8"?>
<!-- Generated by org.testng.reporters.JUnitReportReporter -->
<testsuite hostname="ARSHIA" name="org.suite.B" tests="3" failures="0" timestamp="15 Aug 2023 10:57:27 GMT" time="0.000" errors="0">
  <testcase name="tc4" time="0.000" classname="org.suite.B"/>
  <testcase name="tc5" time="0.000" classname="org.suite.B"/>
  <testcase name="tc6" time="0.000" classname="org.suite.B"/>
</testsuite> <!-- org.suite.B -->
