<?xml version="1.0" encoding="UTF-8"?>
<!-- Generated by org.testng.reporters.JUnitReportReporter -->
<testsuite hostname="ARSHIA" name="org.suite.C" tests="2" failures="0" timestamp="15 Aug 2023 10:57:28 GMT" time="0.000" errors="0">
  <testcase name="tc7" time="0.000" classname="org.suite.C"/>
  <testcase name="tc8" time="0.000" classname="org.suite.C"/>
</testsuite> <!-- org.suite.C -->
