<?xml version="1.0" encoding="UTF-8"?>
<!-- Generated by org.testng.reporters.JUnitReportReporter -->
<testsuite hostname="ARSHIA" name="org.exp.HandlingException" tests="2" failures="0" timestamp="24 Aug 2023 17:25:51 GMT" time="0.016" errors="0">
  <testcase name="tc1" time="0.016" classname="org.exp.HandlingException"/>
  <testcase name="tc2" time="0.000" classname="org.exp.HandlingException"/>
</testsuite> <!-- org.exp.HandlingException -->
